
 Ansys Mechanical Enterprise Academic Student      


 *------------------------------------------------------------------*
 |                                                                  |
 |   W E L C O M E   T O   T H E   A N S Y S (R)  P R O G R A M     |
 |                                                                  |
 *------------------------------------------------------------------*




 ***************************************************************
 *         ANSYS MAPDL 2024 R1          LEGAL NOTICES          *
 ***************************************************************
 *                                                             *
 * Copyright 1971-2024 Ansys, Inc.  All rights reserved.       *
 * Unauthorized use, distribution or duplication is            *
 * prohibited.                                                 *
 *                                                             *
 * Ansys is a registered trademark of Ansys, Inc. or its       *
 * subsidiaries in the United States or other countries.       *
 * See the Ansys, Inc. online documentation or the Ansys, Inc. *
 * documentation CD or online help for the complete Legal      *
 * Notice.                                                     *
 *                                                             *
 ***************************************************************
 *                                                             *
 * THIS ANSYS SOFTWARE PRODUCT AND PROGRAM DOCUMENTATION       *
 * INCLUDE TRADE SECRETS AND CONFIDENTIAL AND PROPRIETARY      *
 * PRODUCTS OF ANSYS, INC., ITS SUBSIDIARIES, OR LICENSORS.    *
 * The software products and documentation are furnished by    *
 * Ansys, Inc. or its subsidiaries under a software license    *
 * agreement that contains provisions concerning               *
 * non-disclosure, copying, length and nature of use,          *
 * compliance with exporting laws, warranties, disclaimers,    *
 * limitations of liability, and remedies, and other           *
 * provisions.  The software products and documentation may be *
 * used, disclosed, transferred, or copied only in accordance  *
 * with the terms and conditions of that software license      *
 * agreement.                                                  *
 *                                                             *
 * Ansys, Inc. is a UL registered                              *
 * ISO 9001:2015 company.                                      *
 *                                                             *
 ***************************************************************
 *                                                             *
 * This product is subject to U.S. laws governing export and   *
 * re-export.                                                  *
 *                                                             *
 * For U.S. Government users, except as specifically granted   *
 * by the Ansys, Inc. software license agreement, the use,     *
 * duplication, or disclosure by the United States Government  *
 * is subject to restrictions stated in the Ansys, Inc.        *
 * software license agreement and FAR 12.212 (for non-DOD      *
 * licenses).                                                  *
 *                                                             *
 ***************************************************************

 2024 R1 
     
 Point Releases and Patches installed:   
     
 Discovery 2024 R1   
 Fluids 2024 R1  
 Ansys Dynamic Reporting 2024 R1 
 SpaceClaim 2024 R1  
 CFX (includes CFD-Post) 2024 R1 
 Chemkin 2024 R1 
 EnSight 2024 R1 
 FENSAP-ICE 2024 R1  
 Fluent (includes CFD-Post) 2024 R1  
 Polyflow (includes CFD-Post) 2024 R1
 Forte (includes EnSight) 2024 R1
 TurboGrid 2024 R1   
 ACIS Geometry Interface 2024 R1 
 AutoCAD Geometry Interface 2024 R1  
 Catia, Version 4 Geometry Interface 2024 R1 
 Catia, Version 5 Geometry Interface 2024 R1 
 Catia, Version 6 Geometry Interface 2024 R1 
 Creo Elements/Direct Modeling Geometry Interface 2024 R1
 Creo Parametric Geometry Interface 2024 R1  
 Inventor Geometry Interface 2024 R1 
 JTOpen Geometry Interface 2024 R1   
 NX Geometry Interface 2024 R1   
 Parasolid Geometry Interface  2024 R1   
 Solid Edge Geometry Interface 2024 R1   
 SOLIDWORKS Geometry Interface 2024 R1   
 Speos 2024 R1   
 Aqwa 2024 R1
 Autodyn 2024 R1 
 Material Calibration App 2024 R1
 Customization Files for User Programmable Features 2024 R1  
 Mechanical Products 2024 R1 
 Motion 2024 R1  
 Academic Student 2024 R1


          *****  MAPDL COMMAND LINE ARGUMENTS  *****
  BATCH MODE REQUESTED (-b)    = NOLIST
  INPUT FILE COPY MODE (-c)    = COPY
  DISTRIBUTED MEMORY PARALLEL REQUESTED
       4 PARALLEL PROCESSES REQUESTED WITH SINGLE THREAD PER PROCESS
    TOTAL OF     4 CORES REQUESTED
  INPUT FILE NAME              = C:\Users\Lucky Bhuskute\Downloads\_ProjectScratch\Scr49A2\dummy.dat
  OUTPUT FILE NAME             = C:\Users\Lucky Bhuskute\Downloads\_ProjectScratch\Scr49A2\solve.out
  START-UP FILE MODE           = NOREAD
  STOP FILE MODE               = NOREAD

 RELEASE= 2024 R1              BUILD= 24.1      UP20231106   VERSION=WINDOWS x64 
 CURRENT JOBNAME=file0  14:18:44  APR 21, 2024 CP=      0.078


 PARAMETER _DS_PROGRESS =     999.0000000    

 /INPUT FILE= ds.dat  LINE=       0



 *** NOTE ***                            CP =       0.188   TIME= 14:18:45
 The /CONFIG,NOELDB command is not valid in a distributed memory         
 parallel solution.  Command is ignored.                                 

 *GET  _WALLSTRT  FROM  ACTI  ITEM=TIME WALL  VALUE=  14.3125000    

 TITLE= 
 full new jacket--Steady-State Thermal (B5)                                    

  ACT Extensions:
      LSDYNA, 2024.1
      5f463412-bd3e-484b-87e7-cbc0a665e474, wbex
 /COM,     ANSYSMotion, 2024.1
      20180725-3f81-49eb-9f31-41364844c769, wbex
  

 SET PARAMETER DIMENSIONS ON  _WB_PROJECTSCRATCH_DIR
  TYPE=STRI  DIMENSIONS=      248        1        1

 PARAMETER _WB_PROJECTSCRATCH_DIR(1) = C:\Users\Lucky Bhuskute\Downloads\_ProjectScratch\Scr49A2\

 SET PARAMETER DIMENSIONS ON  _WB_SOLVERFILES_DIR
  TYPE=STRI  DIMENSIONS=      248        1        1

 PARAMETER _WB_SOLVERFILES_DIR(1) = C:\Users\Lucky Bhuskute\Downloads\full new jacket_files\dp0\SYS-1\MECH\

 SET PARAMETER DIMENSIONS ON  _WB_USERFILES_DIR
  TYPE=STRI  DIMENSIONS=      248        1        1

 PARAMETER _WB_USERFILES_DIR(1) = C:\Users\Lucky Bhuskute\Downloads\full new jacket_files\user_files\
 --- Data in consistent MKS units. See Solving Units in the help system for more

 MKS UNITS SPECIFIED FOR INTERNAL    
  LENGTH        (l)  = METER (M)
  MASS          (M)  = KILOGRAM (KG)
  TIME          (t)  = SECOND (SEC)
  TEMPERATURE   (T)  = CELSIUS (C)
  TOFFSET            = 273.0
  CHARGE        (Q)  = COULOMB
  FORCE         (f)  = NEWTON (N) (KG-M/SEC2)
  HEAT               = JOULE (N-M)

  PRESSURE           = PASCAL (NEWTON/M**2)
  ENERGY        (W)  = JOULE (N-M)
  POWER         (P)  = WATT (N-M/SEC)
  CURRENT       (i)  = AMPERE (COULOMBS/SEC)
  CAPACITANCE   (C)  = FARAD
  INDUCTANCE    (L)  = HENRY
  MAGNETIC FLUX      = WEBER
  RESISTANCE    (R)  = OHM
  ELECTRIC POTENTIAL = VOLT

 INPUT  UNITS ARE ALSO SET TO MKS 

 *** MAPDL - ENGINEERING ANALYSIS SYSTEM  RELEASE 2024 R1          24.1     ***
 Ansys Mechanical Enterprise Academic Student      
 01055371  VERSION=WINDOWS x64   14:18:45  APR 21, 2024 CP=      0.203

 full new jacket--Steady-State Thermal (B5)                                    



          ***** MAPDL ANALYSIS DEFINITION (PREP7) *****
 *********** Nodes for the whole assembly ***********
 *********** Elements for Body 1 "Geom\Solid" ***********
 *********** Elements for Body 2 "Geom\Solid" ***********
 *********** Send User Defined Coordinate System(s) ***********
 *********** Send Materials ***********
 *********** Define Temperature Constraint ***********
 *********** Define Temperature Constraint ***********
 *********** Create "Convection" ***********
 *********** Create "Convection 2" ***********
 ***************** Define Uniform Initial temperature ***************


 ***** ROUTINE COMPLETED *****  CP =         0.219


 --- Number of total nodes = 45899
 --- Number of contact elements = 5068
 --- Number of spring elements = 0
 --- Number of bearing elements = 0
 --- Number of solid elements = 8346
 --- Number of condensed parts = 0
 --- Number of total elements = 13414

 *GET  _WALLBSOL  FROM  ACTI  ITEM=TIME WALL  VALUE=  14.3125000    
 ****************************************************************************
 *************************    SOLUTION       ********************************
 ****************************************************************************

 *****  MAPDL SOLUTION ROUTINE  *****


 PERFORM A STATIC ANALYSIS
  THIS WILL BE A NEW ANALYSIS

 CONTACT INFORMATION PRINTOUT LEVEL       1

 CHECK INITIAL OPEN/CLOSED STATUS OF SELECTED CONTACT ELEMENTS
      AND LIST DETAILED CONTACT PAIR INFORMATION

 SPLIT CONTACT SURFACES AT SOLVE PHASE

    NUMBER OF SPLITTING TBD BY PROGRAM

 DO NOT SAVE ANY RESTART FILES AT ALL

 DO NOT COMBINE ELEMENT MATRIX FILES (.emat) AFTER DISTRIBUTED PARALLEL SOLUTION

 DO NOT COMBINE ELEMENT SAVE DATA FILES (.esav) AFTER DISTRIBUTED PARALLEL SOLUTION
 ****************************************************
 ******************* SOLVE FOR LS 1 OF 1 ****************

 SPECIFIED CONSTRAINT TEMP FOR PICKED NODES 
 REAL=  37.0000000       IMAG=  0.00000000    

 SPECIFIED CONSTRAINT TEMP FOR PICKED NODES 
 REAL=  20.0000000       IMAG=  0.00000000    

 SELECT       FOR ITEM=TYPE COMPONENT=    
  IN RANGE         3 TO          3 STEP          1

        448  ELEMENTS (OF      13414  DEFINED) SELECTED BY  ESEL  COMMAND.

 SELECT      ALL NODES HAVING ANY ELEMENT IN ELEMENT SET.

       1408 NODES (OF      45899  DEFINED) SELECTED FROM
      448 SELECTED ELEMENTS BY NSLE COMMAND.

 GENERATE SURFACE LOAD CONV ON SURFACE DEFINED BY ALL SELECTED NODES
 VALUES=  4.50000000      22.0000000    

 NUMBER OF CONV ELEMENT FACE LOADS STORED =        448

 SELECT       FOR ITEM=TYPE COMPONENT=    
  IN RANGE         4 TO          4 STEP          1

       4620  ELEMENTS (OF      13414  DEFINED) SELECTED BY  ESEL  COMMAND.

 SELECT      ALL NODES HAVING ANY ELEMENT IN ELEMENT SET.

      14070 NODES (OF      45899  DEFINED) SELECTED FROM
     4620 SELECTED ELEMENTS BY NSLE COMMAND.

 GENERATE SURFACE LOAD CONV ON SURFACE DEFINED BY ALL SELECTED NODES
 VALUES=  10.0000000      22.0000000    

 NUMBER OF CONV ELEMENT FACE LOADS STORED =       4620

 ALL SELECT   FOR ITEM=NODE COMPONENT=    
  IN RANGE         1 TO      45899 STEP          1

      45899  NODES (OF      45899  DEFINED) SELECTED BY NSEL  COMMAND.

 ALL SELECT   FOR ITEM=ELEM COMPONENT=    
  IN RANGE         1 TO      23662 STEP          1

      13414  ELEMENTS (OF      13414  DEFINED) SELECTED BY  ESEL  COMMAND.

 PRINTOUT RESUMED BY /GOP

 USE AUTOMATIC TIME STEPPING THIS LOAD STEP

 USE       1 SUBSTEPS INITIALLY THIS LOAD STEP FOR ALL  DEGREES OF FREEDOM
 FOR AUTOMATIC TIME STEPPING:
   USE     10 SUBSTEPS AS A MAXIMUM
   USE      1 SUBSTEPS AS A MINIMUM

 TIME=  1.0000    

 ERASE THE CURRENT DATABASE OUTPUT CONTROL TABLE.


 WRITE ALL  ITEMS TO THE DATABASE WITH A FREQUENCY OF NONE
   FOR ALL APPLICABLE ENTITIES

 WRITE NSOL ITEMS TO THE DATABASE WITH A FREQUENCY OF ALL 
   FOR ALL APPLICABLE ENTITIES

 WRITE RSOL ITEMS TO THE DATABASE WITH A FREQUENCY OF ALL 
   FOR ALL APPLICABLE ENTITIES

 WRITE EANG ITEMS TO THE DATABASE WITH A FREQUENCY OF ALL 
   FOR ALL APPLICABLE ENTITIES

 WRITE VENG ITEMS TO THE DATABASE WITH A FREQUENCY OF ALL 
   FOR ALL APPLICABLE ENTITIES

 WRITE FFLU ITEMS TO THE DATABASE WITH A FREQUENCY OF ALL 
   FOR ALL APPLICABLE ENTITIES

 WRITE CONT ITEMS TO THE DATABASE WITH A FREQUENCY OF ALL 
   FOR ALL APPLICABLE ENTITIES

 PRINTOUT RESUMED BY /GOP

 WRITE MISC ITEMS TO THE DATABASE WITH A FREQUENCY OF ALL 
   FOR THE ENTITIES DEFINED BY COMPONENT _ELMISC 

 CONVERGENCE ON HEAT BASED ON THE NORM OF THE N-R LOAD
   WITH A TOLERANCE OF 0.1000E-02 AND A MINIMUM REFERENCE VALUE OF 0.1000E-05
   USING THE L2 NORM (CHECK THE SRSS VALUE)

 *GET  ANSINTER_  FROM  ACTI  ITEM=INT        VALUE=  0.00000000    

 *IF  ANSINTER_                         ( =   0.00000     )  NE  
      0                                 ( =   0.00000     )  THEN    

 *ENDIF

 *** NOTE ***                            CP =       0.266   TIME= 14:18:45
 The automatic domain decomposition logic has selected the MESH domain   
 decomposition method with 4 processes per solution.                     

 *****  MAPDL SOLVE    COMMAND  *****

 *** WARNING ***                         CP =       0.297   TIME= 14:18:45
 Element shape checking is currently inactive.  Issue SHPP,ON or         
 SHPP,WARN to reactivate, if desired.                                    

 *** NOTE ***                            CP =       0.297   TIME= 14:18:45
 The model data was checked and warning messages were found.             
  Please review output or errors file ( C:\Users\Lucky                   
 Bhuskute\Downloads\_ProjectScratch\Scr49A2\file0.err ) for these        
 warning messages.                                                       

 *** MAPDL - ENGINEERING ANALYSIS SYSTEM  RELEASE 2024 R1          24.1     ***
 Ansys Mechanical Enterprise Academic Student      
 01055371  VERSION=WINDOWS x64   14:18:45  APR 21, 2024 CP=      0.297

 full new jacket--Steady-State Thermal (B5)                                    



                       S O L U T I O N   O P T I O N S

   PROBLEM DIMENSIONALITY. . . . . . . . . . . . .3-D                  
   DEGREES OF FREEDOM. . . . . . TEMP
   ANALYSIS TYPE . . . . . . . . . . . . . . . . .STATIC (STEADY-STATE)
   OFFSET TEMPERATURE FROM ABSOLUTE ZERO . . . . .  273.15    
   GLOBALLY ASSEMBLED MATRIX . . . . . . . . . . .SYMMETRIC  

 *** WARNING ***                         CP =       0.312   TIME= 14:18:45
 Material number 3 (used by element 18595) should normally have at least 
 one MP or one TB type command associated with it.  Output of energy by  
 material may not be available.                                          

 *** NOTE ***                            CP =       0.312   TIME= 14:18:45
 The step data was checked and warning messages were found.              
  Please review output or errors file ( C:\Users\Lucky                   
 Bhuskute\Downloads\_ProjectScratch\Scr49A2\file0.err ) for these        
 warning messages.                                                       

 *** NOTE ***                            CP =       0.312   TIME= 14:18:45
 The conditions for direct assembly have been met.  No .emat or .erot    
 files will be produced.                                                 

  
  
     D I S T R I B U T E D   D O M A I N   D E C O M P O S E R
  
  ...Number of elements: 13414
  ...Number of nodes:    45899
  ...Decompose to 4 CPU domains
  ...Element load balance ratio =     1.218


                      L O A D   S T E P   O P T I O N S

   LOAD STEP NUMBER. . . . . . . . . . . . . . . .     1
   TIME AT END OF THE LOAD STEP. . . . . . . . . .  1.0000    
   AUTOMATIC TIME STEPPING . . . . . . . . . . . .    ON
      INITIAL NUMBER OF SUBSTEPS . . . . . . . . .     1
      MAXIMUM NUMBER OF SUBSTEPS . . . . . . . . .    10
      MINIMUM NUMBER OF SUBSTEPS . . . . . . . . .     1
   STEP CHANGE BOUNDARY CONDITIONS . . . . . . . .    NO
   PRINT OUTPUT CONTROLS . . . . . . . . . . . . .NO PRINTOUT
   DATABASE OUTPUT CONTROLS
      ITEM     FREQUENCY   COMPONENT
       ALL       NONE               
      NSOL        ALL               
      RSOL        ALL               
      EANG        ALL               
      VENG        ALL               
      FFLU        ALL               
      CONT        ALL               
      MISC        ALL       _ELMISC 


 SOLUTION MONITORING INFO IS WRITTEN TO FILE= file.mntr                                                                                                                                                                                                                                                           


 Range of element maximum matrix coefficients in global coordinates
 Maximum = 1.705424637E-02 at element 377.                               
 Minimum = 3.898773803E-04 at element 19357.                             

   *** ELEMENT MATRIX FORMULATION TIMES
     TYPE    NUMBER   ENAME      TOTAL CP  AVE CP

        1      2758  SOLID279      0.062   0.000023
        2      5588  SOLID279      0.125   0.000022
        3       448  SURF152       0.000   0.000000
        4      4620  SURF152       0.078   0.000017
 Time at end of element matrix formulation CP = 0.5625.                  

 DISTRIBUTED SPARSE MATRIX DIRECT SOLVER.
  Number of equations =       30421,    Maximum wavefront =     30

  Process memory allocated for solver              =    21.949 MB
  Process memory required for in-core solution     =    21.019 MB
  Process memory required for out-of-core solution =    10.997 MB

  Total memory allocated for solver                =    91.837 MB
  Total memory required for in-core solution       =    88.070 MB
  Total memory required for out-of-core solution   =    46.195 MB

 *** NOTE ***                            CP =       0.906   TIME= 14:18:46
 The Distributed Sparse Matrix Solver is currently running in the        
 in-core memory mode.  This memory mode uses the most amount of memory   
 in order to avoid using the hard drive as much as possible, which most  
 often results in the fastest solution time.  This mode is recommended   
 if enough physical memory is present to accommodate all of the solver   
 data.                                                                   
 Distributed sparse solver maximum pivot= 6.416719737E-02 at node 3876   
 TEMP.                                                                   
 Distributed sparse solver minimum pivot= 1.624134061E-04 at node 16980  
 TEMP.                                                                   
 Distributed sparse solver minimum pivot in absolute value=              
 1.624134061E-04 at node 16980 TEMP.                                     

   *** ELEMENT RESULT CALCULATION TIMES
     TYPE    NUMBER   ENAME      TOTAL CP  AVE CP

        1      2758  SOLID279      0.109   0.000040
        2      5588  SOLID279      0.078   0.000014
        3       448  SURF152       0.000   0.000000
        4      4620  SURF152       0.062   0.000014

   *** NODAL LOAD CALCULATION TIMES
     TYPE    NUMBER   ENAME      TOTAL CP  AVE CP

        1      2758  SOLID279      0.000   0.000000
        2      5588  SOLID279      0.047   0.000008
        3       448  SURF152       0.000   0.000000
        4      4620  SURF152       0.000   0.000000
 *** LOAD STEP     1   SUBSTEP     1  COMPLETED.    CUM ITER =      1
 *** TIME =   1.00000         TIME INC =   1.00000      NEW TRIANG MATRIX


 *** MAPDL BINARY FILE STATISTICS
  BUFFER SIZE USED= 16384
        1.000 MB WRITTEN ON ELEMENT SAVED DATA FILE: file0.esav
        2.875 MB WRITTEN ON ASSEMBLED MATRIX FILE: file0.full
        3.312 MB WRITTEN ON RESULTS FILE: file0.rth
 *************** Write FE CONNECTORS *********

 WRITE OUT CONSTRAINT EQUATIONS TO FILE= file.ce                                                                                                                                                                                                                                                             
 ****************************************************
 *************** FINISHED SOLVE FOR LS 1 *************

 *GET  _WALLASOL  FROM  ACTI  ITEM=TIME WALL  VALUE=  14.3127778    

 FINISH SOLUTION PROCESSING


 ***** ROUTINE COMPLETED *****  CP =         1.188



 *** MAPDL - ENGINEERING ANALYSIS SYSTEM  RELEASE 2024 R1          24.1     ***
 Ansys Mechanical Enterprise Academic Student      
 01055371  VERSION=WINDOWS x64   14:18:47  APR 21, 2024 CP=      1.188

 full new jacket--Steady-State Thermal (B5)                                    



          ***** MAPDL RESULTS INTERPRETATION (POST1) *****

 *** NOTE ***                            CP =       1.188   TIME= 14:18:47
 Reading results into the database (SET command) will update the current 
 displacement and force boundary conditions in the database with the     
 values from the results file for that load set.  Note that any          
 subsequent solutions will use these values unless action is taken to    
 either SAVE the current values or not overwrite them (/EXIT,NOSAVE).    

 Set Encoding of XML File to:ISO-8859-1

 Set Output of XML File to:
     PARM,     ,     ,     ,     ,     ,     ,     ,     ,     ,     ,     ,
         ,     ,     ,     ,     ,     ,     ,

 DATABASE WRITTEN ON FILE  parm.xml                                                                                                                                                                                                                                                            

 EXIT THE MAPDL POST1 DATABASE PROCESSOR


 ***** ROUTINE COMPLETED *****  CP =         1.188



 PRINTOUT RESUMED BY /GOP

 *GET  _WALLDONE  FROM  ACTI  ITEM=TIME WALL  VALUE=  14.3130556    

 PARAMETER _PREPTIME =     0.000000000    

 PARAMETER _SOLVTIME =     1.000000000    

 PARAMETER _POSTTIME =     1.000000000    

 PARAMETER _TOTALTIM =     2.000000000    

 *GET  _DLBRATIO  FROM  ACTI  ITEM=SOLU DLBR  VALUE=  1.21801372    

 *GET  _COMBTIME  FROM  ACTI  ITEM=SOLU COMB  VALUE= 0.261391800    

 *GET  _SSMODE   FROM  ACTI  ITEM=SOLU SSMM  VALUE=  2.00000000    

 *GET  _NDOFS    FROM  ACTI  ITEM=SOLU NDOF  VALUE=  30421.0000    

 /FCLEAN COMMAND REMOVING ALL LOCAL FILES
 --- Total number of nodes = 45899
 --- Total number of elements = 13414
 --- Element load balance ratio = 1.21801372
 --- Time to combine distributed files = 0.2613918
 --- Sparse memory mode = 2
 --- Number of DOF = 30421

 EXIT MAPDL WITHOUT SAVING DATABASE


 NUMBER OF WARNING MESSAGES ENCOUNTERED=          2
 NUMBER OF ERROR   MESSAGES ENCOUNTERED=          0

+--------------------- M A P D L   S T A T I S T I C S ------------------------+

Release: 2024 R1            Build: 24.1       Update: UP20231106   Platform: WINDOWS x64 
Date Run: 04/21/2024   Time: 14:18     Process ID: 27472
Operating System: Windows 11  (Build: 22631)

Processor Model: 12th Gen Intel(R) Core(TM) i5-12450H

Compiler: Intel(R) Fortran Compiler Classic Version 2021.9  (Build: 20230302)
          Intel(R) C/C++ Compiler Classic Version 2021.9  (Build: 20230302)
          Intel(R) Math Kernel Library Version 2020.0.0 Product Build 20191125
          BLAS Library supplied by Intel(R) MKL

Number of machines requested            :    1
Total number of cores available         :   12
Number of physical cores available      :    8
Number of processes requested           :    4
Number of threads per process requested :    1
Total number of cores requested         :    4 (Distributed Memory Parallel)               
MPI Type: INTELMPI
MPI Version: Intel(R) MPI Library 2021.10 for Windows* OS


GPU Acceleration: Not Requested

Job Name: file0
Input File: dummy.dat

  Core                Machine Name   Working Directory
 -----------------------------------------------------
     0             LAPTOP-E7PVBET6   C:\Users\Lucky Bhuskute\Downloads\_ProjectScratch\Scr49A2
     1             LAPTOP-E7PVBET6   C:\Users\Lucky Bhuskute\Downloads\_ProjectScratch\Scr49A2
     2             LAPTOP-E7PVBET6   C:\Users\Lucky Bhuskute\Downloads\_ProjectScratch\Scr49A2
     3             LAPTOP-E7PVBET6   C:\Users\Lucky Bhuskute\Downloads\_ProjectScratch\Scr49A2
 
Latency time from master to core     1 =    4.708 microseconds
Latency time from master to core     2 =    2.615 microseconds
Latency time from master to core     3 =    6.824 microseconds
 
Communication speed from master to core     1 =  4560.12 MB/sec
Communication speed from master to core     2 =  3203.04 MB/sec
Communication speed from master to core     3 =  2263.87 MB/sec

Total CPU time for main thread                    :        1.5 seconds
Total CPU time summed for all threads             :        1.2 seconds

Elapsed time spent obtaining a license            :        0.4 seconds
Elapsed time spent pre-processing model (/PREP7)  :        0.2 seconds
Elapsed time spent solution - preprocessing       :        0.3 seconds
Elapsed time spent computing solution             :        0.9 seconds
Elapsed time spent solution - postprocessing      :        0.3 seconds
Elapsed time spent post-processing model (/POST1) :        0.0 seconds
 
Equation solver used                              :            Sparse (symmetric)
Equation solver computational rate                :       24.3 Gflops

Sum of disk space used on all processes           :       34.5 MB

Sum of memory used on all processes               :      626.0 MB
Sum of memory allocated on all processes          :     2880.0 MB
Physical memory available                         :         16 GB
Total amount of I/O written to disk               :        0.0 GB
Total amount of I/O read from disk                :        0.0 GB

+------------------ E N D   M A P D L   S T A T I S T I C S -------------------+


 *-----------------------------------------------------------------------------*
 |                                                                             |
 |                               RUN COMPLETED                                 |
 |                                                                             |
 |-----------------------------------------------------------------------------|
 |                                                                             |
 |  Ansys MAPDL 2024 R1         Build 24.1         UP20231106    WINDOWS x64   |
 |                                                                             |
 |-----------------------------------------------------------------------------|
 |                                                                             |
 |  Database Requested(-db)     1024 MB     Scratch Memory Requested   1024 MB |
 |  Max Database Used(Master)     29 MB     Max Scratch Used(Master)    159 MB |
 |  Max Database Used(Workers)     1 MB     Max Scratch Used(Workers)   147 MB |
 |  Sum Database Used(All)        32 MB     Sum Scratch Used(All)       594 MB |
 |                                                                             |
 |-----------------------------------------------------------------------------|
 |                                                                             |
 |        CP Time      (sec) =          1.219       Time  =  14:18:47          |
 |        Elapsed Time (sec) =          4.000       Date  =  04/21/2024        |
 |                                                                             |
 *-----------------------------------------------------------------------------*
